running egg_info
creating ../../build/virtual_maize_field/virtual_maize_field.egg-info
writing ../../build/virtual_maize_field/virtual_maize_field.egg-info/PKG-INFO
writing dependency_links to ../../build/virtual_maize_field/virtual_maize_field.egg-info/dependency_links.txt
writing entry points to ../../build/virtual_maize_field/virtual_maize_field.egg-info/entry_points.txt
writing requirements to ../../build/virtual_maize_field/virtual_maize_field.egg-info/requires.txt
writing top-level names to ../../build/virtual_maize_field/virtual_maize_field.egg-info/top_level.txt
writing manifest file '../../build/virtual_maize_field/virtual_maize_field.egg-info/SOURCES.txt'
reading manifest file '../../build/virtual_maize_field/virtual_maize_field.egg-info/SOURCES.txt'
adding license file 'LICENSE'
writing manifest file '../../build/virtual_maize_field/virtual_maize_field.egg-info/SOURCES.txt'
running build
running build_py
creating /workspaces/workspace/build/virtual_maize_field/build
creating /workspaces/workspace/build/virtual_maize_field/build/lib
creating /workspaces/workspace/build/virtual_maize_field/build/lib/virtual_maize_field
copying virtual_maize_field/generate_world.py -> /workspaces/workspace/build/virtual_maize_field/build/lib/virtual_maize_field
copying virtual_maize_field/__init__.py -> /workspaces/workspace/build/virtual_maize_field/build/lib/virtual_maize_field
copying virtual_maize_field/check_for_updates.py -> /workspaces/workspace/build/virtual_maize_field/build/lib/virtual_maize_field
creating /workspaces/workspace/build/virtual_maize_field/build/lib/virtual_maize_field/world_generator
copying virtual_maize_field/world_generator/field_2d_generator.py -> /workspaces/workspace/build/virtual_maize_field/build/lib/virtual_maize_field/world_generator
copying virtual_maize_field/world_generator/row_segments.py -> /workspaces/workspace/build/virtual_maize_field/build/lib/virtual_maize_field/world_generator
copying virtual_maize_field/world_generator/models.py -> /workspaces/workspace/build/virtual_maize_field/build/lib/virtual_maize_field/world_generator
copying virtual_maize_field/world_generator/__init__.py -> /workspaces/workspace/build/virtual_maize_field/build/lib/virtual_maize_field/world_generator
copying virtual_maize_field/world_generator/utils.py -> /workspaces/workspace/build/virtual_maize_field/build/lib/virtual_maize_field/world_generator
copying virtual_maize_field/world_generator/world_description.py -> /workspaces/workspace/build/virtual_maize_field/build/lib/virtual_maize_field/world_generator
creating /workspaces/workspace/build/virtual_maize_field/build/lib/virtual_maize_field/world_generator/segments
copying virtual_maize_field/world_generator/segments/curve.py -> /workspaces/workspace/build/virtual_maize_field/build/lib/virtual_maize_field/world_generator/segments
copying virtual_maize_field/world_generator/segments/island.py -> /workspaces/workspace/build/virtual_maize_field/build/lib/virtual_maize_field/world_generator/segments
copying virtual_maize_field/world_generator/segments/straight.py -> /workspaces/workspace/build/virtual_maize_field/build/lib/virtual_maize_field/world_generator/segments
copying virtual_maize_field/world_generator/segments/sincurve.py -> /workspaces/workspace/build/virtual_maize_field/build/lib/virtual_maize_field/world_generator/segments
copying virtual_maize_field/world_generator/segments/base.py -> /workspaces/workspace/build/virtual_maize_field/build/lib/virtual_maize_field/world_generator/segments
copying virtual_maize_field/world_generator/segments/__init__.py -> /workspaces/workspace/build/virtual_maize_field/build/lib/virtual_maize_field/world_generator/segments
copying virtual_maize_field/world_generator/field.world.template -> /workspaces/workspace/build/virtual_maize_field/build/lib/virtual_maize_field/world_generator
copying virtual_maize_field/world_generator/robot_spawner.launch.py.template -> /workspaces/workspace/build/virtual_maize_field/build/lib/virtual_maize_field/world_generator
running install
/usr/lib/python3/dist-packages/setuptools/command/install.py:34: SetuptoolsDeprecationWarning: setup.py install is deprecated. Use build and pip and other standards-based tools.
  warnings.warn(
running install_lib
creating /workspaces/workspace/install/virtual_maize_field/lib/python3.10/site-packages/virtual_maize_field
copying /workspaces/workspace/build/virtual_maize_field/build/lib/virtual_maize_field/generate_world.py -> /workspaces/workspace/install/virtual_maize_field/lib/python3.10/site-packages/virtual_maize_field
creating /workspaces/workspace/install/virtual_maize_field/lib/python3.10/site-packages/virtual_maize_field/world_generator
copying /workspaces/workspace/build/virtual_maize_field/build/lib/virtual_maize_field/world_generator/field_2d_generator.py -> /workspaces/workspace/install/virtual_maize_field/lib/python3.10/site-packages/virtual_maize_field/world_generator
copying /workspaces/workspace/build/virtual_maize_field/build/lib/virtual_maize_field/world_generator/field.world.template -> /workspaces/workspace/install/virtual_maize_field/lib/python3.10/site-packages/virtual_maize_field/world_generator
copying /workspaces/workspace/build/virtual_maize_field/build/lib/virtual_maize_field/world_generator/row_segments.py -> /workspaces/workspace/install/virtual_maize_field/lib/python3.10/site-packages/virtual_maize_field/world_generator
copying /workspaces/workspace/build/virtual_maize_field/build/lib/virtual_maize_field/world_generator/models.py -> /workspaces/workspace/install/virtual_maize_field/lib/python3.10/site-packages/virtual_maize_field/world_generator
copying /workspaces/workspace/build/virtual_maize_field/build/lib/virtual_maize_field/world_generator/__init__.py -> /workspaces/workspace/install/virtual_maize_field/lib/python3.10/site-packages/virtual_maize_field/world_generator
copying /workspaces/workspace/build/virtual_maize_field/build/lib/virtual_maize_field/world_generator/utils.py -> /workspaces/workspace/install/virtual_maize_field/lib/python3.10/site-packages/virtual_maize_field/world_generator
copying /workspaces/workspace/build/virtual_maize_field/build/lib/virtual_maize_field/world_generator/world_description.py -> /workspaces/workspace/install/virtual_maize_field/lib/python3.10/site-packages/virtual_maize_field/world_generator
creating /workspaces/workspace/install/virtual_maize_field/lib/python3.10/site-packages/virtual_maize_field/world_generator/segments
copying /workspaces/workspace/build/virtual_maize_field/build/lib/virtual_maize_field/world_generator/segments/curve.py -> /workspaces/workspace/install/virtual_maize_field/lib/python3.10/site-packages/virtual_maize_field/world_generator/segments
copying /workspaces/workspace/build/virtual_maize_field/build/lib/virtual_maize_field/world_generator/segments/island.py -> /workspaces/workspace/install/virtual_maize_field/lib/python3.10/site-packages/virtual_maize_field/world_generator/segments
copying /workspaces/workspace/build/virtual_maize_field/build/lib/virtual_maize_field/world_generator/segments/straight.py -> /workspaces/workspace/install/virtual_maize_field/lib/python3.10/site-packages/virtual_maize_field/world_generator/segments
copying /workspaces/workspace/build/virtual_maize_field/build/lib/virtual_maize_field/world_generator/segments/sincurve.py -> /workspaces/workspace/install/virtual_maize_field/lib/python3.10/site-packages/virtual_maize_field/world_generator/segments
copying /workspaces/workspace/build/virtual_maize_field/build/lib/virtual_maize_field/world_generator/segments/base.py -> /workspaces/workspace/install/virtual_maize_field/lib/python3.10/site-packages/virtual_maize_field/world_generator/segments
copying /workspaces/workspace/build/virtual_maize_field/build/lib/virtual_maize_field/world_generator/segments/__init__.py -> /workspaces/workspace/install/virtual_maize_field/lib/python3.10/site-packages/virtual_maize_field/world_generator/segments
copying /workspaces/workspace/build/virtual_maize_field/build/lib/virtual_maize_field/world_generator/robot_spawner.launch.py.template -> /workspaces/workspace/install/virtual_maize_field/lib/python3.10/site-packages/virtual_maize_field/world_generator
copying /workspaces/workspace/build/virtual_maize_field/build/lib/virtual_maize_field/__init__.py -> /workspaces/workspace/install/virtual_maize_field/lib/python3.10/site-packages/virtual_maize_field
copying /workspaces/workspace/build/virtual_maize_field/build/lib/virtual_maize_field/check_for_updates.py -> /workspaces/workspace/install/virtual_maize_field/lib/python3.10/site-packages/virtual_maize_field
byte-compiling /workspaces/workspace/install/virtual_maize_field/lib/python3.10/site-packages/virtual_maize_field/generate_world.py to generate_world.cpython-310.pyc
byte-compiling /workspaces/workspace/install/virtual_maize_field/lib/python3.10/site-packages/virtual_maize_field/world_generator/field_2d_generator.py to field_2d_generator.cpython-310.pyc
byte-compiling /workspaces/workspace/install/virtual_maize_field/lib/python3.10/site-packages/virtual_maize_field/world_generator/row_segments.py to row_segments.cpython-310.pyc
byte-compiling /workspaces/workspace/install/virtual_maize_field/lib/python3.10/site-packages/virtual_maize_field/world_generator/models.py to models.cpython-310.pyc
byte-compiling /workspaces/workspace/install/virtual_maize_field/lib/python3.10/site-packages/virtual_maize_field/world_generator/__init__.py to __init__.cpython-310.pyc
byte-compiling /workspaces/workspace/install/virtual_maize_field/lib/python3.10/site-packages/virtual_maize_field/world_generator/utils.py to utils.cpython-310.pyc
byte-compiling /workspaces/workspace/install/virtual_maize_field/lib/python3.10/site-packages/virtual_maize_field/world_generator/world_description.py to world_description.cpython-310.pyc
byte-compiling /workspaces/workspace/install/virtual_maize_field/lib/python3.10/site-packages/virtual_maize_field/world_generator/segments/curve.py to curve.cpython-310.pyc
byte-compiling /workspaces/workspace/install/virtual_maize_field/lib/python3.10/site-packages/virtual_maize_field/world_generator/segments/island.py to island.cpython-310.pyc
byte-compiling /workspaces/workspace/install/virtual_maize_field/lib/python3.10/site-packages/virtual_maize_field/world_generator/segments/straight.py to straight.cpython-310.pyc
byte-compiling /workspaces/workspace/install/virtual_maize_field/lib/python3.10/site-packages/virtual_maize_field/world_generator/segments/sincurve.py to sincurve.cpython-310.pyc
byte-compiling /workspaces/workspace/install/virtual_maize_field/lib/python3.10/site-packages/virtual_maize_field/world_generator/segments/base.py to base.cpython-310.pyc
byte-compiling /workspaces/workspace/install/virtual_maize_field/lib/python3.10/site-packages/virtual_maize_field/world_generator/segments/__init__.py to __init__.cpython-310.pyc
byte-compiling /workspaces/workspace/install/virtual_maize_field/lib/python3.10/site-packages/virtual_maize_field/__init__.py to __init__.cpython-310.pyc
byte-compiling /workspaces/workspace/install/virtual_maize_field/lib/python3.10/site-packages/virtual_maize_field/check_for_updates.py to check_for_updates.cpython-310.pyc
running install_data
creating /workspaces/workspace/install/virtual_maize_field/share/ament_index
creating /workspaces/workspace/install/virtual_maize_field/share/ament_index/resource_index
creating /workspaces/workspace/install/virtual_maize_field/share/ament_index/resource_index/packages
copying resource/virtual_maize_field -> /workspaces/workspace/install/virtual_maize_field/share/ament_index/resource_index/packages
copying package.xml -> /workspaces/workspace/install/virtual_maize_field/share/virtual_maize_field
creating /workspaces/workspace/install/virtual_maize_field/share/virtual_maize_field/config
copying config/fre21_task_3.yaml -> /workspaces/workspace/install/virtual_maize_field/share/virtual_maize_field/config
copying config/fre22_task_mapping.yaml -> /workspaces/workspace/install/virtual_maize_field/share/virtual_maize_field/config
copying config/fre22_task_mapping_fast.yaml -> /workspaces/workspace/install/virtual_maize_field/share/virtual_maize_field/config
copying config/fre21_task_4_fast.yaml -> /workspaces/workspace/install/virtual_maize_field/share/virtual_maize_field/config
copying config/fre21_task_2_fast.yaml -> /workspaces/workspace/install/virtual_maize_field/share/virtual_maize_field/config
copying config/fre21_task_3_mini.yaml -> /workspaces/workspace/install/virtual_maize_field/share/virtual_maize_field/config
copying config/fre22_task_navigation_mini.yaml -> /workspaces/workspace/install/virtual_maize_field/share/virtual_maize_field/config
copying config/fre22_task_navigation_fast.yaml -> /workspaces/workspace/install/virtual_maize_field/share/virtual_maize_field/config
copying config/fre22_task_mapping_mini.yaml -> /workspaces/workspace/install/virtual_maize_field/share/virtual_maize_field/config
copying config/fre21_task_4_mini.yaml -> /workspaces/workspace/install/virtual_maize_field/share/virtual_maize_field/config
copying config/fre21_task_3_fast.yaml -> /workspaces/workspace/install/virtual_maize_field/share/virtual_maize_field/config
copying config/fre22_task_navigation.yaml -> /workspaces/workspace/install/virtual_maize_field/share/virtual_maize_field/config
copying config/fre21_task_2.yaml -> /workspaces/workspace/install/virtual_maize_field/share/virtual_maize_field/config
copying config/fre21_task_1_mini.yaml -> /workspaces/workspace/install/virtual_maize_field/share/virtual_maize_field/config
copying config/fre21_task_1.yaml -> /workspaces/workspace/install/virtual_maize_field/share/virtual_maize_field/config
copying config/fre21_task_4.yaml -> /workspaces/workspace/install/virtual_maize_field/share/virtual_maize_field/config
copying config/fre21_task_1_fast.yaml -> /workspaces/workspace/install/virtual_maize_field/share/virtual_maize_field/config
copying config/fre21_task_2_mini.yaml -> /workspaces/workspace/install/virtual_maize_field/share/virtual_maize_field/config
creating /workspaces/workspace/install/virtual_maize_field/share/virtual_maize_field/gt
copying gt/.gitkeep -> /workspaces/workspace/install/virtual_maize_field/share/virtual_maize_field/gt
creating /workspaces/workspace/install/virtual_maize_field/share/virtual_maize_field/launch
copying launch/rviz.launch.py -> /workspaces/workspace/install/virtual_maize_field/share/virtual_maize_field/launch
copying launch/simulation.launch.py -> /workspaces/workspace/install/virtual_maize_field/share/virtual_maize_field/launch
creating /workspaces/workspace/install/virtual_maize_field/share/virtual_maize_field/map
copying map/driving_pattern.txt -> /workspaces/workspace/install/virtual_maize_field/share/virtual_maize_field/map
copying map/.gitkeep -> /workspaces/workspace/install/virtual_maize_field/share/virtual_maize_field/map
creating /workspaces/workspace/install/virtual_maize_field/share/virtual_maize_field/Media
creating /workspaces/workspace/install/virtual_maize_field/share/virtual_maize_field/Media/models
copying Media/models/.gitkeep -> /workspaces/workspace/install/virtual_maize_field/share/virtual_maize_field/Media/models
creating /workspaces/workspace/install/virtual_maize_field/share/virtual_maize_field/Media/models/materials
creating /workspaces/workspace/install/virtual_maize_field/share/virtual_maize_field/Media/models/materials/textures
copying Media/models/materials/textures/grass_displacement.jpg -> /workspaces/workspace/install/virtual_maize_field/share/virtual_maize_field/Media/models/materials/textures
copying Media/models/materials/textures/grass_roughness.jpg -> /workspaces/workspace/install/virtual_maize_field/share/virtual_maize_field/Media/models/materials/textures
copying Media/models/materials/textures/grass_normal.jpg -> /workspaces/workspace/install/virtual_maize_field/share/virtual_maize_field/Media/models/materials/textures
copying Media/models/materials/textures/grass_color.jpg -> /workspaces/workspace/install/virtual_maize_field/share/virtual_maize_field/Media/models/materials/textures
copying Media/models/materials/textures/dirt_diffusespecular.png -> /workspaces/workspace/install/virtual_maize_field/share/virtual_maize_field/Media/models/materials/textures
copying Media/models/materials/textures/flat_normal.png -> /workspaces/workspace/install/virtual_maize_field/share/virtual_maize_field/Media/models/materials/textures
copying Media/models/materials/textures/fungus_diffusespecular.png -> /workspaces/workspace/install/virtual_maize_field/share/virtual_maize_field/Media/models/materials/textures
creating /workspaces/workspace/install/virtual_maize_field/share/virtual_maize_field/models
creating /workspaces/workspace/install/virtual_maize_field/share/virtual_maize_field/models/maize_01
copying models/maize_01/model.sdf -> /workspaces/workspace/install/virtual_maize_field/share/virtual_maize_field/models/maize_01
copying models/maize_01/model.config -> /workspaces/workspace/install/virtual_maize_field/share/virtual_maize_field/models/maize_01
creating /workspaces/workspace/install/virtual_maize_field/share/virtual_maize_field/models/maize_01/materials
creating /workspaces/workspace/install/virtual_maize_field/share/virtual_maize_field/models/maize_01/materials/textures
copying models/maize_01/materials/textures/maize_01.png -> /workspaces/workspace/install/virtual_maize_field/share/virtual_maize_field/models/maize_01/materials/textures
creating /workspaces/workspace/install/virtual_maize_field/share/virtual_maize_field/models/maize_01/meshes
copying models/maize_01/meshes/maize_01.dae -> /workspaces/workspace/install/virtual_maize_field/share/virtual_maize_field/models/maize_01/meshes
creating /workspaces/workspace/install/virtual_maize_field/share/virtual_maize_field/models/location_marker_b
copying models/location_marker_b/model.sdf -> /workspaces/workspace/install/virtual_maize_field/share/virtual_maize_field/models/location_marker_b
copying models/location_marker_b/model.config -> /workspaces/workspace/install/virtual_maize_field/share/virtual_maize_field/models/location_marker_b
creating /workspaces/workspace/install/virtual_maize_field/share/virtual_maize_field/models/location_marker_b/materials
creating /workspaces/workspace/install/virtual_maize_field/share/virtual_maize_field/models/location_marker_b/materials/scripts
copying models/location_marker_b/materials/scripts/location_marker_b.material -> /workspaces/workspace/install/virtual_maize_field/share/virtual_maize_field/models/location_marker_b/materials/scripts
creating /workspaces/workspace/install/virtual_maize_field/share/virtual_maize_field/models/location_marker_b/materials/textures
copying models/location_marker_b/materials/textures/location_marker_b.png -> /workspaces/workspace/install/virtual_maize_field/share/virtual_maize_field/models/location_marker_b/materials/textures
copying models/location_marker_b/materials/textures/fre_logo.png -> /workspaces/workspace/install/virtual_maize_field/share/virtual_maize_field/models/location_marker_b/materials/textures
creating /workspaces/workspace/install/virtual_maize_field/share/virtual_maize_field/models/coke_can
copying models/coke_can/model.sdf -> /workspaces/workspace/install/virtual_maize_field/share/virtual_maize_field/models/coke_can
copying models/coke_can/model.config -> /workspaces/workspace/install/virtual_maize_field/share/virtual_maize_field/models/coke_can
creating /workspaces/workspace/install/virtual_maize_field/share/virtual_maize_field/models/coke_can/materials
creating /workspaces/workspace/install/virtual_maize_field/share/virtual_maize_field/models/coke_can/materials/textures
copying models/coke_can/materials/textures/coke_can.png -> /workspaces/workspace/install/virtual_maize_field/share/virtual_maize_field/models/coke_can/materials/textures
creating /workspaces/workspace/install/virtual_maize_field/share/virtual_maize_field/models/coke_can/meshes
copying models/coke_can/meshes/coke_can.dae -> /workspaces/workspace/install/virtual_maize_field/share/virtual_maize_field/models/coke_can/meshes
creating /workspaces/workspace/install/virtual_maize_field/share/virtual_maize_field/models/maize_02
copying models/maize_02/model.sdf -> /workspaces/workspace/install/virtual_maize_field/share/virtual_maize_field/models/maize_02
copying models/maize_02/model.config -> /workspaces/workspace/install/virtual_maize_field/share/virtual_maize_field/models/maize_02
creating /workspaces/workspace/install/virtual_maize_field/share/virtual_maize_field/models/maize_02/materials
creating /workspaces/workspace/install/virtual_maize_field/share/virtual_maize_field/models/maize_02/materials/textures
copying models/maize_02/materials/textures/maize_02.png -> /workspaces/workspace/install/virtual_maize_field/share/virtual_maize_field/models/maize_02/materials/textures
creating /workspaces/workspace/install/virtual_maize_field/share/virtual_maize_field/models/maize_02/meshes
copying models/maize_02/meshes/maize_02.dae -> /workspaces/workspace/install/virtual_maize_field/share/virtual_maize_field/models/maize_02/meshes
creating /workspaces/workspace/install/virtual_maize_field/share/virtual_maize_field/models/ale
copying models/ale/model.sdf -> /workspaces/workspace/install/virtual_maize_field/share/virtual_maize_field/models/ale
copying models/ale/model.config -> /workspaces/workspace/install/virtual_maize_field/share/virtual_maize_field/models/ale
creating /workspaces/workspace/install/virtual_maize_field/share/virtual_maize_field/models/ale/materials
creating /workspaces/workspace/install/virtual_maize_field/share/virtual_maize_field/models/ale/materials/textures
copying models/ale/materials/textures/beerbottle_blinn_baseColor.png -> /workspaces/workspace/install/virtual_maize_field/share/virtual_maize_field/models/ale/materials/textures
creating /workspaces/workspace/install/virtual_maize_field/share/virtual_maize_field/models/ale/meshes
copying models/ale/meshes/ale.dae -> /workspaces/workspace/install/virtual_maize_field/share/virtual_maize_field/models/ale/meshes
creating /workspaces/workspace/install/virtual_maize_field/share/virtual_maize_field/models/stone_02
copying models/stone_02/model.sdf -> /workspaces/workspace/install/virtual_maize_field/share/virtual_maize_field/models/stone_02
copying models/stone_02/model.config -> /workspaces/workspace/install/virtual_maize_field/share/virtual_maize_field/models/stone_02
creating /workspaces/workspace/install/virtual_maize_field/share/virtual_maize_field/models/stone_02/materials
creating /workspaces/workspace/install/virtual_maize_field/share/virtual_maize_field/models/stone_02/materials/textures
copying models/stone_02/materials/textures/stone_02.jpeg -> /workspaces/workspace/install/virtual_maize_field/share/virtual_maize_field/models/stone_02/materials/textures
copying models/stone_02/materials/textures/stone_02_normal.jpeg -> /workspaces/workspace/install/virtual_maize_field/share/virtual_maize_field/models/stone_02/materials/textures
creating /workspaces/workspace/install/virtual_maize_field/share/virtual_maize_field/models/stone_02/meshes
copying models/stone_02/meshes/stone_02.dae -> /workspaces/workspace/install/virtual_maize_field/share/virtual_maize_field/models/stone_02/meshes
creating /workspaces/workspace/install/virtual_maize_field/share/virtual_maize_field/models/retro_pepsi_can
copying models/retro_pepsi_can/model.sdf -> /workspaces/workspace/install/virtual_maize_field/share/virtual_maize_field/models/retro_pepsi_can
copying models/retro_pepsi_can/model.config -> /workspaces/workspace/install/virtual_maize_field/share/virtual_maize_field/models/retro_pepsi_can
creating /workspaces/workspace/install/virtual_maize_field/share/virtual_maize_field/models/retro_pepsi_can/materials
creating /workspaces/workspace/install/virtual_maize_field/share/virtual_maize_field/models/retro_pepsi_can/materials/textures
copying models/retro_pepsi_can/materials/textures/blinn2SG_baseColor.png -> /workspaces/workspace/install/virtual_maize_field/share/virtual_maize_field/models/retro_pepsi_can/materials/textures
copying models/retro_pepsi_can/materials/textures/blinn1SG_baseColor.png -> /workspaces/workspace/install/virtual_maize_field/share/virtual_maize_field/models/retro_pepsi_can/materials/textures
creating /workspaces/workspace/install/virtual_maize_field/share/virtual_maize_field/models/retro_pepsi_can/meshes
copying models/retro_pepsi_can/meshes/retro_pepsi_can.dae -> /workspaces/workspace/install/virtual_maize_field/share/virtual_maize_field/models/retro_pepsi_can/meshes
creating /workspaces/workspace/install/virtual_maize_field/share/virtual_maize_field/models/nettle
copying models/nettle/model.sdf -> /workspaces/workspace/install/virtual_maize_field/share/virtual_maize_field/models/nettle
copying models/nettle/model.config -> /workspaces/workspace/install/virtual_maize_field/share/virtual_maize_field/models/nettle
creating /workspaces/workspace/install/virtual_maize_field/share/virtual_maize_field/models/nettle/materials
creating /workspaces/workspace/install/virtual_maize_field/share/virtual_maize_field/models/nettle/materials/scripts
copying models/nettle/materials/scripts/nettle.material -> /workspaces/workspace/install/virtual_maize_field/share/virtual_maize_field/models/nettle/materials/scripts
creating /workspaces/workspace/install/virtual_maize_field/share/virtual_maize_field/models/nettle/materials/textures
copying models/nettle/materials/textures/nettle.png -> /workspaces/workspace/install/virtual_maize_field/share/virtual_maize_field/models/nettle/materials/textures
creating /workspaces/workspace/install/virtual_maize_field/share/virtual_maize_field/models/nettle/meshes
copying models/nettle/meshes/nettle.dae -> /workspaces/workspace/install/virtual_maize_field/share/virtual_maize_field/models/nettle/meshes
creating /workspaces/workspace/install/virtual_maize_field/share/virtual_maize_field/models/stone_01
copying models/stone_01/model.sdf -> /workspaces/workspace/install/virtual_maize_field/share/virtual_maize_field/models/stone_01
copying models/stone_01/model.config -> /workspaces/workspace/install/virtual_maize_field/share/virtual_maize_field/models/stone_01
creating /workspaces/workspace/install/virtual_maize_field/share/virtual_maize_field/models/stone_01/materials
creating /workspaces/workspace/install/virtual_maize_field/share/virtual_maize_field/models/stone_01/materials/textures
copying models/stone_01/materials/textures/stone_01_occlusion.jpg -> /workspaces/workspace/install/virtual_maize_field/share/virtual_maize_field/models/stone_01/materials/textures
copying models/stone_01/materials/textures/stone_01_normal.jpg -> /workspaces/workspace/install/virtual_maize_field/share/virtual_maize_field/models/stone_01/materials/textures
copying models/stone_01/materials/textures/stone_01.jpg -> /workspaces/workspace/install/virtual_maize_field/share/virtual_maize_field/models/stone_01/materials/textures
creating /workspaces/workspace/install/virtual_maize_field/share/virtual_maize_field/models/stone_01/meshes
copying models/stone_01/meshes/stone_01.dae -> /workspaces/workspace/install/virtual_maize_field/share/virtual_maize_field/models/stone_01/meshes
creating /workspaces/workspace/install/virtual_maize_field/share/virtual_maize_field/models/beer
copying models/beer/model-1_4.sdf -> /workspaces/workspace/install/virtual_maize_field/share/virtual_maize_field/models/beer
copying models/beer/model.sdf -> /workspaces/workspace/install/virtual_maize_field/share/virtual_maize_field/models/beer
copying models/beer/model.config -> /workspaces/workspace/install/virtual_maize_field/share/virtual_maize_field/models/beer
creating /workspaces/workspace/install/virtual_maize_field/share/virtual_maize_field/models/beer/materials
creating /workspaces/workspace/install/virtual_maize_field/share/virtual_maize_field/models/beer/materials/scripts
copying models/beer/materials/scripts/beer.material -> /workspaces/workspace/install/virtual_maize_field/share/virtual_maize_field/models/beer/materials/scripts
creating /workspaces/workspace/install/virtual_maize_field/share/virtual_maize_field/models/beer/materials/textures
copying models/beer/materials/textures/beer.png -> /workspaces/workspace/install/virtual_maize_field/share/virtual_maize_field/models/beer/materials/textures
creating /workspaces/workspace/install/virtual_maize_field/share/virtual_maize_field/models/location_marker_a
copying models/location_marker_a/model.sdf -> /workspaces/workspace/install/virtual_maize_field/share/virtual_maize_field/models/location_marker_a
copying models/location_marker_a/model.config -> /workspaces/workspace/install/virtual_maize_field/share/virtual_maize_field/models/location_marker_a
creating /workspaces/workspace/install/virtual_maize_field/share/virtual_maize_field/models/location_marker_a/materials
creating /workspaces/workspace/install/virtual_maize_field/share/virtual_maize_field/models/location_marker_a/materials/scripts
copying models/location_marker_a/materials/scripts/location_marker_a.material -> /workspaces/workspace/install/virtual_maize_field/share/virtual_maize_field/models/location_marker_a/materials/scripts
creating /workspaces/workspace/install/virtual_maize_field/share/virtual_maize_field/models/location_marker_a/materials/textures
copying models/location_marker_a/materials/textures/fre_logo.png -> /workspaces/workspace/install/virtual_maize_field/share/virtual_maize_field/models/location_marker_a/materials/textures
copying models/location_marker_a/materials/textures/location_marker_a.png -> /workspaces/workspace/install/virtual_maize_field/share/virtual_maize_field/models/location_marker_a/materials/textures
creating /workspaces/workspace/install/virtual_maize_field/share/virtual_maize_field/models/unknown_weed
copying models/unknown_weed/model.sdf -> /workspaces/workspace/install/virtual_maize_field/share/virtual_maize_field/models/unknown_weed
copying models/unknown_weed/model.config -> /workspaces/workspace/install/virtual_maize_field/share/virtual_maize_field/models/unknown_weed
creating /workspaces/workspace/install/virtual_maize_field/share/virtual_maize_field/models/unknown_weed/materials
creating /workspaces/workspace/install/virtual_maize_field/share/virtual_maize_field/models/unknown_weed/materials/scripts
copying models/unknown_weed/materials/scripts/unknown_weed.material -> /workspaces/workspace/install/virtual_maize_field/share/virtual_maize_field/models/unknown_weed/materials/scripts
creating /workspaces/workspace/install/virtual_maize_field/share/virtual_maize_field/models/unknown_weed/materials/textures
copying models/unknown_weed/materials/textures/unknown_weed.png -> /workspaces/workspace/install/virtual_maize_field/share/virtual_maize_field/models/unknown_weed/materials/textures
creating /workspaces/workspace/install/virtual_maize_field/share/virtual_maize_field/models/unknown_weed/meshes
copying models/unknown_weed/meshes/unknown_weed.dae -> /workspaces/workspace/install/virtual_maize_field/share/virtual_maize_field/models/unknown_weed/meshes
creating /workspaces/workspace/install/virtual_maize_field/share/virtual_maize_field/models/start
copying models/start/model.sdf -> /workspaces/workspace/install/virtual_maize_field/share/virtual_maize_field/models/start
copying models/start/model.config -> /workspaces/workspace/install/virtual_maize_field/share/virtual_maize_field/models/start
creating /workspaces/workspace/install/virtual_maize_field/share/virtual_maize_field/models/start/materials
creating /workspaces/workspace/install/virtual_maize_field/share/virtual_maize_field/models/start/materials/scripts
copying models/start/materials/scripts/start.material -> /workspaces/workspace/install/virtual_maize_field/share/virtual_maize_field/models/start/materials/scripts
creating /workspaces/workspace/install/virtual_maize_field/share/virtual_maize_field/models/start/materials/textures
copying models/start/materials/textures/arrow.png -> /workspaces/workspace/install/virtual_maize_field/share/virtual_maize_field/models/start/materials/textures
creating /workspaces/workspace/install/virtual_maize_field/share/virtual_maize_field/rviz
copying rviz/config.rviz -> /workspaces/workspace/install/virtual_maize_field/share/virtual_maize_field/rviz
creating /workspaces/workspace/install/virtual_maize_field/share/virtual_maize_field/worlds
copying worlds/.gitkeep -> /workspaces/workspace/install/virtual_maize_field/share/virtual_maize_field/worlds
running install_egg_info
Copying ../../build/virtual_maize_field/virtual_maize_field.egg-info to /workspaces/workspace/install/virtual_maize_field/lib/python3.10/site-packages/virtual_maize_field-4.7.4-py3.10.egg-info
running install_scripts
Installing check_for_updates script to /workspaces/workspace/install/virtual_maize_field/lib/virtual_maize_field
Installing generate_world script to /workspaces/workspace/install/virtual_maize_field/lib/virtual_maize_field
writing list of installed files to '/workspaces/workspace/build/virtual_maize_field/install.log'
