[0.661s] Invoking command in '/workspaces/workspace/src/virtual_maize_field': PYTHONPATH=/workspaces/workspace/build/virtual_maize_field/prefix_override:/workspaces/workspace/install/virtual_maize_field/lib/python3.10/site-packages:${PYTHONPATH} /usr/bin/python3 setup.py egg_info --egg-base ../../build/virtual_maize_field build --build-base /workspaces/workspace/build/virtual_maize_field/build install --record /workspaces/workspace/build/virtual_maize_field/install.log --single-version-externally-managed
[0.812s] running egg_info
[0.812s] creating ../../build/virtual_maize_field/virtual_maize_field.egg-info
[0.812s] writing ../../build/virtual_maize_field/virtual_maize_field.egg-info/PKG-INFO
[0.812s] writing dependency_links to ../../build/virtual_maize_field/virtual_maize_field.egg-info/dependency_links.txt
[0.812s] writing entry points to ../../build/virtual_maize_field/virtual_maize_field.egg-info/entry_points.txt
[0.812s] writing requirements to ../../build/virtual_maize_field/virtual_maize_field.egg-info/requires.txt
[0.812s] writing top-level names to ../../build/virtual_maize_field/virtual_maize_field.egg-info/top_level.txt
[0.813s] writing manifest file '../../build/virtual_maize_field/virtual_maize_field.egg-info/SOURCES.txt'
[0.814s] reading manifest file '../../build/virtual_maize_field/virtual_maize_field.egg-info/SOURCES.txt'
[0.814s] adding license file 'LICENSE'
[0.815s] writing manifest file '../../build/virtual_maize_field/virtual_maize_field.egg-info/SOURCES.txt'
[0.815s] running build
[0.815s] running build_py
[0.815s] creating /workspaces/workspace/build/virtual_maize_field/build
[0.815s] creating /workspaces/workspace/build/virtual_maize_field/build/lib
[0.815s] creating /workspaces/workspace/build/virtual_maize_field/build/lib/virtual_maize_field
[0.815s] copying virtual_maize_field/generate_world.py -> /workspaces/workspace/build/virtual_maize_field/build/lib/virtual_maize_field
[0.815s] copying virtual_maize_field/__init__.py -> /workspaces/workspace/build/virtual_maize_field/build/lib/virtual_maize_field
[0.815s] copying virtual_maize_field/check_for_updates.py -> /workspaces/workspace/build/virtual_maize_field/build/lib/virtual_maize_field
[0.815s] creating /workspaces/workspace/build/virtual_maize_field/build/lib/virtual_maize_field/world_generator
[0.815s] copying virtual_maize_field/world_generator/field_2d_generator.py -> /workspaces/workspace/build/virtual_maize_field/build/lib/virtual_maize_field/world_generator
[0.816s] copying virtual_maize_field/world_generator/row_segments.py -> /workspaces/workspace/build/virtual_maize_field/build/lib/virtual_maize_field/world_generator
[0.816s] copying virtual_maize_field/world_generator/models.py -> /workspaces/workspace/build/virtual_maize_field/build/lib/virtual_maize_field/world_generator
[0.816s] copying virtual_maize_field/world_generator/__init__.py -> /workspaces/workspace/build/virtual_maize_field/build/lib/virtual_maize_field/world_generator
[0.816s] copying virtual_maize_field/world_generator/utils.py -> /workspaces/workspace/build/virtual_maize_field/build/lib/virtual_maize_field/world_generator
[0.816s] copying virtual_maize_field/world_generator/world_description.py -> /workspaces/workspace/build/virtual_maize_field/build/lib/virtual_maize_field/world_generator
[0.816s] creating /workspaces/workspace/build/virtual_maize_field/build/lib/virtual_maize_field/world_generator/segments
[0.816s] copying virtual_maize_field/world_generator/segments/curve.py -> /workspaces/workspace/build/virtual_maize_field/build/lib/virtual_maize_field/world_generator/segments
[0.816s] copying virtual_maize_field/world_generator/segments/island.py -> /workspaces/workspace/build/virtual_maize_field/build/lib/virtual_maize_field/world_generator/segments
[0.816s] copying virtual_maize_field/world_generator/segments/straight.py -> /workspaces/workspace/build/virtual_maize_field/build/lib/virtual_maize_field/world_generator/segments
[0.816s] copying virtual_maize_field/world_generator/segments/sincurve.py -> /workspaces/workspace/build/virtual_maize_field/build/lib/virtual_maize_field/world_generator/segments
[0.816s] copying virtual_maize_field/world_generator/segments/base.py -> /workspaces/workspace/build/virtual_maize_field/build/lib/virtual_maize_field/world_generator/segments
[0.816s] copying virtual_maize_field/world_generator/segments/__init__.py -> /workspaces/workspace/build/virtual_maize_field/build/lib/virtual_maize_field/world_generator/segments
[0.817s] copying virtual_maize_field/world_generator/field.world.template -> /workspaces/workspace/build/virtual_maize_field/build/lib/virtual_maize_field/world_generator
[0.817s] copying virtual_maize_field/world_generator/robot_spawner.launch.py.template -> /workspaces/workspace/build/virtual_maize_field/build/lib/virtual_maize_field/world_generator
[0.817s] running install
[0.817s] /usr/lib/python3/dist-packages/setuptools/command/install.py:34: SetuptoolsDeprecationWarning: setup.py install is deprecated. Use build and pip and other standards-based tools.
[0.817s]   warnings.warn(
[0.818s] running install_lib
[0.818s] creating /workspaces/workspace/install/virtual_maize_field/lib/python3.10/site-packages/virtual_maize_field
[0.818s] copying /workspaces/workspace/build/virtual_maize_field/build/lib/virtual_maize_field/generate_world.py -> /workspaces/workspace/install/virtual_maize_field/lib/python3.10/site-packages/virtual_maize_field
[0.818s] creating /workspaces/workspace/install/virtual_maize_field/lib/python3.10/site-packages/virtual_maize_field/world_generator
[0.818s] copying /workspaces/workspace/build/virtual_maize_field/build/lib/virtual_maize_field/world_generator/field_2d_generator.py -> /workspaces/workspace/install/virtual_maize_field/lib/python3.10/site-packages/virtual_maize_field/world_generator
[0.818s] copying /workspaces/workspace/build/virtual_maize_field/build/lib/virtual_maize_field/world_generator/field.world.template -> /workspaces/workspace/install/virtual_maize_field/lib/python3.10/site-packages/virtual_maize_field/world_generator
[0.818s] copying /workspaces/workspace/build/virtual_maize_field/build/lib/virtual_maize_field/world_generator/row_segments.py -> /workspaces/workspace/install/virtual_maize_field/lib/python3.10/site-packages/virtual_maize_field/world_generator
[0.818s] copying /workspaces/workspace/build/virtual_maize_field/build/lib/virtual_maize_field/world_generator/models.py -> /workspaces/workspace/install/virtual_maize_field/lib/python3.10/site-packages/virtual_maize_field/world_generator
[0.819s] copying /workspaces/workspace/build/virtual_maize_field/build/lib/virtual_maize_field/world_generator/__init__.py -> /workspaces/workspace/install/virtual_maize_field/lib/python3.10/site-packages/virtual_maize_field/world_generator
[0.819s] copying /workspaces/workspace/build/virtual_maize_field/build/lib/virtual_maize_field/world_generator/utils.py -> /workspaces/workspace/install/virtual_maize_field/lib/python3.10/site-packages/virtual_maize_field/world_generator
[0.819s] copying /workspaces/workspace/build/virtual_maize_field/build/lib/virtual_maize_field/world_generator/world_description.py -> /workspaces/workspace/install/virtual_maize_field/lib/python3.10/site-packages/virtual_maize_field/world_generator
[0.819s] creating /workspaces/workspace/install/virtual_maize_field/lib/python3.10/site-packages/virtual_maize_field/world_generator/segments
[0.819s] copying /workspaces/workspace/build/virtual_maize_field/build/lib/virtual_maize_field/world_generator/segments/curve.py -> /workspaces/workspace/install/virtual_maize_field/lib/python3.10/site-packages/virtual_maize_field/world_generator/segments
[0.819s] copying /workspaces/workspace/build/virtual_maize_field/build/lib/virtual_maize_field/world_generator/segments/island.py -> /workspaces/workspace/install/virtual_maize_field/lib/python3.10/site-packages/virtual_maize_field/world_generator/segments
[0.819s] copying /workspaces/workspace/build/virtual_maize_field/build/lib/virtual_maize_field/world_generator/segments/straight.py -> /workspaces/workspace/install/virtual_maize_field/lib/python3.10/site-packages/virtual_maize_field/world_generator/segments
[0.819s] copying /workspaces/workspace/build/virtual_maize_field/build/lib/virtual_maize_field/world_generator/segments/sincurve.py -> /workspaces/workspace/install/virtual_maize_field/lib/python3.10/site-packages/virtual_maize_field/world_generator/segments
[0.819s] copying /workspaces/workspace/build/virtual_maize_field/build/lib/virtual_maize_field/world_generator/segments/base.py -> /workspaces/workspace/install/virtual_maize_field/lib/python3.10/site-packages/virtual_maize_field/world_generator/segments
[0.819s] copying /workspaces/workspace/build/virtual_maize_field/build/lib/virtual_maize_field/world_generator/segments/__init__.py -> /workspaces/workspace/install/virtual_maize_field/lib/python3.10/site-packages/virtual_maize_field/world_generator/segments
[0.819s] copying /workspaces/workspace/build/virtual_maize_field/build/lib/virtual_maize_field/world_generator/robot_spawner.launch.py.template -> /workspaces/workspace/install/virtual_maize_field/lib/python3.10/site-packages/virtual_maize_field/world_generator
[0.819s] copying /workspaces/workspace/build/virtual_maize_field/build/lib/virtual_maize_field/__init__.py -> /workspaces/workspace/install/virtual_maize_field/lib/python3.10/site-packages/virtual_maize_field
[0.819s] copying /workspaces/workspace/build/virtual_maize_field/build/lib/virtual_maize_field/check_for_updates.py -> /workspaces/workspace/install/virtual_maize_field/lib/python3.10/site-packages/virtual_maize_field
[0.819s] byte-compiling /workspaces/workspace/install/virtual_maize_field/lib/python3.10/site-packages/virtual_maize_field/generate_world.py to generate_world.cpython-310.pyc
[0.820s] byte-compiling /workspaces/workspace/install/virtual_maize_field/lib/python3.10/site-packages/virtual_maize_field/world_generator/field_2d_generator.py to field_2d_generator.cpython-310.pyc
[0.822s] byte-compiling /workspaces/workspace/install/virtual_maize_field/lib/python3.10/site-packages/virtual_maize_field/world_generator/row_segments.py to row_segments.cpython-310.pyc
[0.823s] byte-compiling /workspaces/workspace/install/virtual_maize_field/lib/python3.10/site-packages/virtual_maize_field/world_generator/models.py to models.cpython-310.pyc
[0.824s] byte-compiling /workspaces/workspace/install/virtual_maize_field/lib/python3.10/site-packages/virtual_maize_field/world_generator/__init__.py to __init__.cpython-310.pyc
[0.824s] byte-compiling /workspaces/workspace/install/virtual_maize_field/lib/python3.10/site-packages/virtual_maize_field/world_generator/utils.py to utils.cpython-310.pyc
[0.824s] byte-compiling /workspaces/workspace/install/virtual_maize_field/lib/python3.10/site-packages/virtual_maize_field/world_generator/world_description.py to world_description.cpython-310.pyc
[0.825s] byte-compiling /workspaces/workspace/install/virtual_maize_field/lib/python3.10/site-packages/virtual_maize_field/world_generator/segments/curve.py to curve.cpython-310.pyc
[0.826s] byte-compiling /workspaces/workspace/install/virtual_maize_field/lib/python3.10/site-packages/virtual_maize_field/world_generator/segments/island.py to island.cpython-310.pyc
[0.826s] byte-compiling /workspaces/workspace/install/virtual_maize_field/lib/python3.10/site-packages/virtual_maize_field/world_generator/segments/straight.py to straight.cpython-310.pyc
[0.826s] byte-compiling /workspaces/workspace/install/virtual_maize_field/lib/python3.10/site-packages/virtual_maize_field/world_generator/segments/sincurve.py to sincurve.cpython-310.pyc
[0.827s] byte-compiling /workspaces/workspace/install/virtual_maize_field/lib/python3.10/site-packages/virtual_maize_field/world_generator/segments/base.py to base.cpython-310.pyc
[0.827s] byte-compiling /workspaces/workspace/install/virtual_maize_field/lib/python3.10/site-packages/virtual_maize_field/world_generator/segments/__init__.py to __init__.cpython-310.pyc
[0.827s] byte-compiling /workspaces/workspace/install/virtual_maize_field/lib/python3.10/site-packages/virtual_maize_field/__init__.py to __init__.cpython-310.pyc
[0.827s] byte-compiling /workspaces/workspace/install/virtual_maize_field/lib/python3.10/site-packages/virtual_maize_field/check_for_updates.py to check_for_updates.cpython-310.pyc
[0.828s] running install_data
[0.828s] creating /workspaces/workspace/install/virtual_maize_field/share/ament_index
[0.828s] creating /workspaces/workspace/install/virtual_maize_field/share/ament_index/resource_index
[0.828s] creating /workspaces/workspace/install/virtual_maize_field/share/ament_index/resource_index/packages
[0.828s] copying resource/virtual_maize_field -> /workspaces/workspace/install/virtual_maize_field/share/ament_index/resource_index/packages
[0.828s] copying package.xml -> /workspaces/workspace/install/virtual_maize_field/share/virtual_maize_field
[0.828s] creating /workspaces/workspace/install/virtual_maize_field/share/virtual_maize_field/config
[0.829s] copying config/fre21_task_3.yaml -> /workspaces/workspace/install/virtual_maize_field/share/virtual_maize_field/config
[0.829s] copying config/fre22_task_mapping.yaml -> /workspaces/workspace/install/virtual_maize_field/share/virtual_maize_field/config
[0.829s] copying config/fre22_task_mapping_fast.yaml -> /workspaces/workspace/install/virtual_maize_field/share/virtual_maize_field/config
[0.829s] copying config/fre21_task_4_fast.yaml -> /workspaces/workspace/install/virtual_maize_field/share/virtual_maize_field/config
[0.829s] copying config/fre21_task_2_fast.yaml -> /workspaces/workspace/install/virtual_maize_field/share/virtual_maize_field/config
[0.829s] copying config/fre21_task_3_mini.yaml -> /workspaces/workspace/install/virtual_maize_field/share/virtual_maize_field/config
[0.829s] copying config/fre22_task_navigation_mini.yaml -> /workspaces/workspace/install/virtual_maize_field/share/virtual_maize_field/config
[0.829s] copying config/fre22_task_navigation_fast.yaml -> /workspaces/workspace/install/virtual_maize_field/share/virtual_maize_field/config
[0.829s] copying config/fre22_task_mapping_mini.yaml -> /workspaces/workspace/install/virtual_maize_field/share/virtual_maize_field/config
[0.829s] copying config/fre21_task_4_mini.yaml -> /workspaces/workspace/install/virtual_maize_field/share/virtual_maize_field/config
[0.829s] copying config/fre21_task_3_fast.yaml -> /workspaces/workspace/install/virtual_maize_field/share/virtual_maize_field/config
[0.830s] copying config/fre22_task_navigation.yaml -> /workspaces/workspace/install/virtual_maize_field/share/virtual_maize_field/config
[0.830s] copying config/fre21_task_2.yaml -> /workspaces/workspace/install/virtual_maize_field/share/virtual_maize_field/config
[0.830s] copying config/fre21_task_1_mini.yaml -> /workspaces/workspace/install/virtual_maize_field/share/virtual_maize_field/config
[0.830s] copying config/fre21_task_1.yaml -> /workspaces/workspace/install/virtual_maize_field/share/virtual_maize_field/config
[0.830s] copying config/fre21_task_4.yaml -> /workspaces/workspace/install/virtual_maize_field/share/virtual_maize_field/config
[0.830s] copying config/fre21_task_1_fast.yaml -> /workspaces/workspace/install/virtual_maize_field/share/virtual_maize_field/config
[0.830s] copying config/fre21_task_2_mini.yaml -> /workspaces/workspace/install/virtual_maize_field/share/virtual_maize_field/config
[0.830s] creating /workspaces/workspace/install/virtual_maize_field/share/virtual_maize_field/gt
[0.830s] copying gt/.gitkeep -> /workspaces/workspace/install/virtual_maize_field/share/virtual_maize_field/gt
[0.831s] creating /workspaces/workspace/install/virtual_maize_field/share/virtual_maize_field/launch
[0.831s] copying launch/rviz.launch.py -> /workspaces/workspace/install/virtual_maize_field/share/virtual_maize_field/launch
[0.831s] copying launch/simulation.launch.py -> /workspaces/workspace/install/virtual_maize_field/share/virtual_maize_field/launch
[0.831s] creating /workspaces/workspace/install/virtual_maize_field/share/virtual_maize_field/map
[0.831s] copying map/driving_pattern.txt -> /workspaces/workspace/install/virtual_maize_field/share/virtual_maize_field/map
[0.831s] copying map/.gitkeep -> /workspaces/workspace/install/virtual_maize_field/share/virtual_maize_field/map
[0.831s] creating /workspaces/workspace/install/virtual_maize_field/share/virtual_maize_field/Media
[0.831s] creating /workspaces/workspace/install/virtual_maize_field/share/virtual_maize_field/Media/models
[0.831s] copying Media/models/.gitkeep -> /workspaces/workspace/install/virtual_maize_field/share/virtual_maize_field/Media/models
[0.831s] creating /workspaces/workspace/install/virtual_maize_field/share/virtual_maize_field/Media/models/materials
[0.831s] creating /workspaces/workspace/install/virtual_maize_field/share/virtual_maize_field/Media/models/materials/textures
[0.831s] copying Media/models/materials/textures/grass_displacement.jpg -> /workspaces/workspace/install/virtual_maize_field/share/virtual_maize_field/Media/models/materials/textures
[0.832s] copying Media/models/materials/textures/grass_roughness.jpg -> /workspaces/workspace/install/virtual_maize_field/share/virtual_maize_field/Media/models/materials/textures
[0.833s] copying Media/models/materials/textures/grass_normal.jpg -> /workspaces/workspace/install/virtual_maize_field/share/virtual_maize_field/Media/models/materials/textures
[0.837s] copying Media/models/materials/textures/grass_color.jpg -> /workspaces/workspace/install/virtual_maize_field/share/virtual_maize_field/Media/models/materials/textures
[0.840s] copying Media/models/materials/textures/dirt_diffusespecular.png -> /workspaces/workspace/install/virtual_maize_field/share/virtual_maize_field/Media/models/materials/textures
[0.841s] copying Media/models/materials/textures/flat_normal.png -> /workspaces/workspace/install/virtual_maize_field/share/virtual_maize_field/Media/models/materials/textures
[0.842s] copying Media/models/materials/textures/fungus_diffusespecular.png -> /workspaces/workspace/install/virtual_maize_field/share/virtual_maize_field/Media/models/materials/textures
[0.843s] creating /workspaces/workspace/install/virtual_maize_field/share/virtual_maize_field/models
[0.843s] creating /workspaces/workspace/install/virtual_maize_field/share/virtual_maize_field/models/maize_01
[0.843s] copying models/maize_01/model.sdf -> /workspaces/workspace/install/virtual_maize_field/share/virtual_maize_field/models/maize_01
[0.843s] copying models/maize_01/model.config -> /workspaces/workspace/install/virtual_maize_field/share/virtual_maize_field/models/maize_01
[0.844s] creating /workspaces/workspace/install/virtual_maize_field/share/virtual_maize_field/models/maize_01/materials
[0.844s] creating /workspaces/workspace/install/virtual_maize_field/share/virtual_maize_field/models/maize_01/materials/textures
[0.844s] copying models/maize_01/materials/textures/maize_01.png -> /workspaces/workspace/install/virtual_maize_field/share/virtual_maize_field/models/maize_01/materials/textures
[0.844s] creating /workspaces/workspace/install/virtual_maize_field/share/virtual_maize_field/models/maize_01/meshes
[0.844s] copying models/maize_01/meshes/maize_01.dae -> /workspaces/workspace/install/virtual_maize_field/share/virtual_maize_field/models/maize_01/meshes
[0.844s] creating /workspaces/workspace/install/virtual_maize_field/share/virtual_maize_field/models/location_marker_b
[0.844s] copying models/location_marker_b/model.sdf -> /workspaces/workspace/install/virtual_maize_field/share/virtual_maize_field/models/location_marker_b
[0.844s] copying models/location_marker_b/model.config -> /workspaces/workspace/install/virtual_maize_field/share/virtual_maize_field/models/location_marker_b
[0.845s] creating /workspaces/workspace/install/virtual_maize_field/share/virtual_maize_field/models/location_marker_b/materials
[0.845s] creating /workspaces/workspace/install/virtual_maize_field/share/virtual_maize_field/models/location_marker_b/materials/scripts
[0.845s] copying models/location_marker_b/materials/scripts/location_marker_b.material -> /workspaces/workspace/install/virtual_maize_field/share/virtual_maize_field/models/location_marker_b/materials/scripts
[0.845s] creating /workspaces/workspace/install/virtual_maize_field/share/virtual_maize_field/models/location_marker_b/materials/textures
[0.845s] copying models/location_marker_b/materials/textures/location_marker_b.png -> /workspaces/workspace/install/virtual_maize_field/share/virtual_maize_field/models/location_marker_b/materials/textures
[0.845s] copying models/location_marker_b/materials/textures/fre_logo.png -> /workspaces/workspace/install/virtual_maize_field/share/virtual_maize_field/models/location_marker_b/materials/textures
[0.845s] creating /workspaces/workspace/install/virtual_maize_field/share/virtual_maize_field/models/coke_can
[0.845s] copying models/coke_can/model.sdf -> /workspaces/workspace/install/virtual_maize_field/share/virtual_maize_field/models/coke_can
[0.845s] copying models/coke_can/model.config -> /workspaces/workspace/install/virtual_maize_field/share/virtual_maize_field/models/coke_can
[0.846s] creating /workspaces/workspace/install/virtual_maize_field/share/virtual_maize_field/models/coke_can/materials
[0.846s] creating /workspaces/workspace/install/virtual_maize_field/share/virtual_maize_field/models/coke_can/materials/textures
[0.846s] copying models/coke_can/materials/textures/coke_can.png -> /workspaces/workspace/install/virtual_maize_field/share/virtual_maize_field/models/coke_can/materials/textures
[0.846s] creating /workspaces/workspace/install/virtual_maize_field/share/virtual_maize_field/models/coke_can/meshes
[0.846s] copying models/coke_can/meshes/coke_can.dae -> /workspaces/workspace/install/virtual_maize_field/share/virtual_maize_field/models/coke_can/meshes
[0.847s] creating /workspaces/workspace/install/virtual_maize_field/share/virtual_maize_field/models/maize_02
[0.847s] copying models/maize_02/model.sdf -> /workspaces/workspace/install/virtual_maize_field/share/virtual_maize_field/models/maize_02
[0.847s] copying models/maize_02/model.config -> /workspaces/workspace/install/virtual_maize_field/share/virtual_maize_field/models/maize_02
[0.847s] creating /workspaces/workspace/install/virtual_maize_field/share/virtual_maize_field/models/maize_02/materials
[0.847s] creating /workspaces/workspace/install/virtual_maize_field/share/virtual_maize_field/models/maize_02/materials/textures
[0.847s] copying models/maize_02/materials/textures/maize_02.png -> /workspaces/workspace/install/virtual_maize_field/share/virtual_maize_field/models/maize_02/materials/textures
[0.847s] creating /workspaces/workspace/install/virtual_maize_field/share/virtual_maize_field/models/maize_02/meshes
[0.847s] copying models/maize_02/meshes/maize_02.dae -> /workspaces/workspace/install/virtual_maize_field/share/virtual_maize_field/models/maize_02/meshes
[0.848s] creating /workspaces/workspace/install/virtual_maize_field/share/virtual_maize_field/models/ale
[0.848s] copying models/ale/model.sdf -> /workspaces/workspace/install/virtual_maize_field/share/virtual_maize_field/models/ale
[0.848s] copying models/ale/model.config -> /workspaces/workspace/install/virtual_maize_field/share/virtual_maize_field/models/ale
[0.848s] creating /workspaces/workspace/install/virtual_maize_field/share/virtual_maize_field/models/ale/materials
[0.848s] creating /workspaces/workspace/install/virtual_maize_field/share/virtual_maize_field/models/ale/materials/textures
[0.848s] copying models/ale/materials/textures/beerbottle_blinn_baseColor.png -> /workspaces/workspace/install/virtual_maize_field/share/virtual_maize_field/models/ale/materials/textures
[0.849s] creating /workspaces/workspace/install/virtual_maize_field/share/virtual_maize_field/models/ale/meshes
[0.849s] copying models/ale/meshes/ale.dae -> /workspaces/workspace/install/virtual_maize_field/share/virtual_maize_field/models/ale/meshes
[0.849s] creating /workspaces/workspace/install/virtual_maize_field/share/virtual_maize_field/models/stone_02
[0.849s] copying models/stone_02/model.sdf -> /workspaces/workspace/install/virtual_maize_field/share/virtual_maize_field/models/stone_02
[0.849s] copying models/stone_02/model.config -> /workspaces/workspace/install/virtual_maize_field/share/virtual_maize_field/models/stone_02
[0.850s] creating /workspaces/workspace/install/virtual_maize_field/share/virtual_maize_field/models/stone_02/materials
[0.850s] creating /workspaces/workspace/install/virtual_maize_field/share/virtual_maize_field/models/stone_02/materials/textures
[0.850s] copying models/stone_02/materials/textures/stone_02.jpeg -> /workspaces/workspace/install/virtual_maize_field/share/virtual_maize_field/models/stone_02/materials/textures
[0.850s] copying models/stone_02/materials/textures/stone_02_normal.jpeg -> /workspaces/workspace/install/virtual_maize_field/share/virtual_maize_field/models/stone_02/materials/textures
[0.850s] creating /workspaces/workspace/install/virtual_maize_field/share/virtual_maize_field/models/stone_02/meshes
[0.851s] copying models/stone_02/meshes/stone_02.dae -> /workspaces/workspace/install/virtual_maize_field/share/virtual_maize_field/models/stone_02/meshes
[0.851s] creating /workspaces/workspace/install/virtual_maize_field/share/virtual_maize_field/models/retro_pepsi_can
[0.851s] copying models/retro_pepsi_can/model.sdf -> /workspaces/workspace/install/virtual_maize_field/share/virtual_maize_field/models/retro_pepsi_can
[0.851s] copying models/retro_pepsi_can/model.config -> /workspaces/workspace/install/virtual_maize_field/share/virtual_maize_field/models/retro_pepsi_can
[0.851s] creating /workspaces/workspace/install/virtual_maize_field/share/virtual_maize_field/models/retro_pepsi_can/materials
[0.851s] creating /workspaces/workspace/install/virtual_maize_field/share/virtual_maize_field/models/retro_pepsi_can/materials/textures
[0.851s] copying models/retro_pepsi_can/materials/textures/blinn2SG_baseColor.png -> /workspaces/workspace/install/virtual_maize_field/share/virtual_maize_field/models/retro_pepsi_can/materials/textures
[0.852s] copying models/retro_pepsi_can/materials/textures/blinn1SG_baseColor.png -> /workspaces/workspace/install/virtual_maize_field/share/virtual_maize_field/models/retro_pepsi_can/materials/textures
[0.853s] creating /workspaces/workspace/install/virtual_maize_field/share/virtual_maize_field/models/retro_pepsi_can/meshes
[0.853s] copying models/retro_pepsi_can/meshes/retro_pepsi_can.dae -> /workspaces/workspace/install/virtual_maize_field/share/virtual_maize_field/models/retro_pepsi_can/meshes
[0.853s] creating /workspaces/workspace/install/virtual_maize_field/share/virtual_maize_field/models/nettle
[0.853s] copying models/nettle/model.sdf -> /workspaces/workspace/install/virtual_maize_field/share/virtual_maize_field/models/nettle
[0.854s] copying models/nettle/model.config -> /workspaces/workspace/install/virtual_maize_field/share/virtual_maize_field/models/nettle
[0.854s] creating /workspaces/workspace/install/virtual_maize_field/share/virtual_maize_field/models/nettle/materials
[0.854s] creating /workspaces/workspace/install/virtual_maize_field/share/virtual_maize_field/models/nettle/materials/scripts
[0.854s] copying models/nettle/materials/scripts/nettle.material -> /workspaces/workspace/install/virtual_maize_field/share/virtual_maize_field/models/nettle/materials/scripts
[0.854s] creating /workspaces/workspace/install/virtual_maize_field/share/virtual_maize_field/models/nettle/materials/textures
[0.854s] copying models/nettle/materials/textures/nettle.png -> /workspaces/workspace/install/virtual_maize_field/share/virtual_maize_field/models/nettle/materials/textures
[0.854s] creating /workspaces/workspace/install/virtual_maize_field/share/virtual_maize_field/models/nettle/meshes
[0.854s] copying models/nettle/meshes/nettle.dae -> /workspaces/workspace/install/virtual_maize_field/share/virtual_maize_field/models/nettle/meshes
[0.855s] creating /workspaces/workspace/install/virtual_maize_field/share/virtual_maize_field/models/stone_01
[0.855s] copying models/stone_01/model.sdf -> /workspaces/workspace/install/virtual_maize_field/share/virtual_maize_field/models/stone_01
[0.855s] copying models/stone_01/model.config -> /workspaces/workspace/install/virtual_maize_field/share/virtual_maize_field/models/stone_01
[0.855s] creating /workspaces/workspace/install/virtual_maize_field/share/virtual_maize_field/models/stone_01/materials
[0.855s] creating /workspaces/workspace/install/virtual_maize_field/share/virtual_maize_field/models/stone_01/materials/textures
[0.855s] copying models/stone_01/materials/textures/stone_01_occlusion.jpg -> /workspaces/workspace/install/virtual_maize_field/share/virtual_maize_field/models/stone_01/materials/textures
[0.855s] copying models/stone_01/materials/textures/stone_01_normal.jpg -> /workspaces/workspace/install/virtual_maize_field/share/virtual_maize_field/models/stone_01/materials/textures
[0.858s] copying models/stone_01/materials/textures/stone_01.jpg -> /workspaces/workspace/install/virtual_maize_field/share/virtual_maize_field/models/stone_01/materials/textures
[0.861s] creating /workspaces/workspace/install/virtual_maize_field/share/virtual_maize_field/models/stone_01/meshes
[0.861s] copying models/stone_01/meshes/stone_01.dae -> /workspaces/workspace/install/virtual_maize_field/share/virtual_maize_field/models/stone_01/meshes
[0.861s] creating /workspaces/workspace/install/virtual_maize_field/share/virtual_maize_field/models/beer
[0.861s] copying models/beer/model-1_4.sdf -> /workspaces/workspace/install/virtual_maize_field/share/virtual_maize_field/models/beer
[0.861s] copying models/beer/model.sdf -> /workspaces/workspace/install/virtual_maize_field/share/virtual_maize_field/models/beer
[0.861s] copying models/beer/model.config -> /workspaces/workspace/install/virtual_maize_field/share/virtual_maize_field/models/beer
[0.862s] creating /workspaces/workspace/install/virtual_maize_field/share/virtual_maize_field/models/beer/materials
[0.862s] creating /workspaces/workspace/install/virtual_maize_field/share/virtual_maize_field/models/beer/materials/scripts
[0.862s] copying models/beer/materials/scripts/beer.material -> /workspaces/workspace/install/virtual_maize_field/share/virtual_maize_field/models/beer/materials/scripts
[0.862s] creating /workspaces/workspace/install/virtual_maize_field/share/virtual_maize_field/models/beer/materials/textures
[0.862s] copying models/beer/materials/textures/beer.png -> /workspaces/workspace/install/virtual_maize_field/share/virtual_maize_field/models/beer/materials/textures
[0.863s] creating /workspaces/workspace/install/virtual_maize_field/share/virtual_maize_field/models/location_marker_a
[0.864s] copying models/location_marker_a/model.sdf -> /workspaces/workspace/install/virtual_maize_field/share/virtual_maize_field/models/location_marker_a
[0.864s] copying models/location_marker_a/model.config -> /workspaces/workspace/install/virtual_maize_field/share/virtual_maize_field/models/location_marker_a
[0.864s] creating /workspaces/workspace/install/virtual_maize_field/share/virtual_maize_field/models/location_marker_a/materials
[0.864s] creating /workspaces/workspace/install/virtual_maize_field/share/virtual_maize_field/models/location_marker_a/materials/scripts
[0.864s] copying models/location_marker_a/materials/scripts/location_marker_a.material -> /workspaces/workspace/install/virtual_maize_field/share/virtual_maize_field/models/location_marker_a/materials/scripts
[0.865s] creating /workspaces/workspace/install/virtual_maize_field/share/virtual_maize_field/models/location_marker_a/materials/textures
[0.865s] copying models/location_marker_a/materials/textures/fre_logo.png -> /workspaces/workspace/install/virtual_maize_field/share/virtual_maize_field/models/location_marker_a/materials/textures
[0.865s] copying models/location_marker_a/materials/textures/location_marker_a.png -> /workspaces/workspace/install/virtual_maize_field/share/virtual_maize_field/models/location_marker_a/materials/textures
[0.865s] creating /workspaces/workspace/install/virtual_maize_field/share/virtual_maize_field/models/unknown_weed
[0.865s] copying models/unknown_weed/model.sdf -> /workspaces/workspace/install/virtual_maize_field/share/virtual_maize_field/models/unknown_weed
[0.865s] copying models/unknown_weed/model.config -> /workspaces/workspace/install/virtual_maize_field/share/virtual_maize_field/models/unknown_weed
[0.865s] creating /workspaces/workspace/install/virtual_maize_field/share/virtual_maize_field/models/unknown_weed/materials
[0.866s] creating /workspaces/workspace/install/virtual_maize_field/share/virtual_maize_field/models/unknown_weed/materials/scripts
[0.866s] copying models/unknown_weed/materials/scripts/unknown_weed.material -> /workspaces/workspace/install/virtual_maize_field/share/virtual_maize_field/models/unknown_weed/materials/scripts
[0.866s] creating /workspaces/workspace/install/virtual_maize_field/share/virtual_maize_field/models/unknown_weed/materials/textures
[0.866s] copying models/unknown_weed/materials/textures/unknown_weed.png -> /workspaces/workspace/install/virtual_maize_field/share/virtual_maize_field/models/unknown_weed/materials/textures
[0.866s] creating /workspaces/workspace/install/virtual_maize_field/share/virtual_maize_field/models/unknown_weed/meshes
[0.866s] copying models/unknown_weed/meshes/unknown_weed.dae -> /workspaces/workspace/install/virtual_maize_field/share/virtual_maize_field/models/unknown_weed/meshes
[0.866s] creating /workspaces/workspace/install/virtual_maize_field/share/virtual_maize_field/models/start
[0.866s] copying models/start/model.sdf -> /workspaces/workspace/install/virtual_maize_field/share/virtual_maize_field/models/start
[0.866s] copying models/start/model.config -> /workspaces/workspace/install/virtual_maize_field/share/virtual_maize_field/models/start
[0.867s] creating /workspaces/workspace/install/virtual_maize_field/share/virtual_maize_field/models/start/materials
[0.867s] creating /workspaces/workspace/install/virtual_maize_field/share/virtual_maize_field/models/start/materials/scripts
[0.867s] copying models/start/materials/scripts/start.material -> /workspaces/workspace/install/virtual_maize_field/share/virtual_maize_field/models/start/materials/scripts
[0.867s] creating /workspaces/workspace/install/virtual_maize_field/share/virtual_maize_field/models/start/materials/textures
[0.867s] copying models/start/materials/textures/arrow.png -> /workspaces/workspace/install/virtual_maize_field/share/virtual_maize_field/models/start/materials/textures
[0.867s] creating /workspaces/workspace/install/virtual_maize_field/share/virtual_maize_field/rviz
[0.867s] copying rviz/config.rviz -> /workspaces/workspace/install/virtual_maize_field/share/virtual_maize_field/rviz
[0.867s] creating /workspaces/workspace/install/virtual_maize_field/share/virtual_maize_field/worlds
[0.867s] copying worlds/.gitkeep -> /workspaces/workspace/install/virtual_maize_field/share/virtual_maize_field/worlds
[0.867s] running install_egg_info
[0.868s] Copying ../../build/virtual_maize_field/virtual_maize_field.egg-info to /workspaces/workspace/install/virtual_maize_field/lib/python3.10/site-packages/virtual_maize_field-4.7.4-py3.10.egg-info
[0.868s] running install_scripts
[0.880s] Installing check_for_updates script to /workspaces/workspace/install/virtual_maize_field/lib/virtual_maize_field
[0.880s] Installing generate_world script to /workspaces/workspace/install/virtual_maize_field/lib/virtual_maize_field
[0.880s] writing list of installed files to '/workspaces/workspace/build/virtual_maize_field/install.log'
[0.896s] Invoked command in '/workspaces/workspace/src/virtual_maize_field' returned '0': PYTHONPATH=/workspaces/workspace/build/virtual_maize_field/prefix_override:/workspaces/workspace/install/virtual_maize_field/lib/python3.10/site-packages:${PYTHONPATH} /usr/bin/python3 setup.py egg_info --egg-base ../../build/virtual_maize_field build --build-base /workspaces/workspace/build/virtual_maize_field/build install --record /workspaces/workspace/build/virtual_maize_field/install.log --single-version-externally-managed
