[0.547s] DEBUG:colcon:Command line arguments: ['/usr/bin/colcon', 'build']
[0.547s] DEBUG:colcon:Parsed command line arguments: Namespace(log_base=None, log_level=None, verb_name='build', build_base='build', install_base='install', merge_install=False, symlink_install=False, test_result_base=None, continue_on_error=False, executor='parallel', parallel_workers=32, event_handlers=None, ignore_user_meta=False, metas=['./colcon.meta'], base_paths=['.'], packages_ignore=None, packages_ignore_regex=None, paths=None, packages_up_to=None, packages_up_to_regex=None, packages_above=None, packages_above_and_dependencies=None, packages_above_depth=None, packages_select_by_dep=None, packages_skip_by_dep=None, packages_skip_up_to=None, packages_select_build_failed=False, packages_skip_build_finished=False, packages_select_test_failures=False, packages_skip_test_passed=False, packages_select=None, packages_skip=None, packages_select_regex=None, packages_skip_regex=None, packages_start=None, packages_end=None, cmake_args=None, cmake_target=None, cmake_target_skip_unavailable=False, cmake_clean_cache=False, cmake_clean_first=False, cmake_force_configure=False, ament_cmake_args=None, catkin_cmake_args=None, catkin_skip_building_tests=False, verb_parser=<colcon_defaults.argument_parser.defaults.DefaultArgumentsDecorator object at 0x7f215a931810>, verb_extension=<colcon_core.verb.build.BuildVerb object at 0x7f215a9bf4c0>, main=<bound method BuildVerb.main of <colcon_core.verb.build.BuildVerb object at 0x7f215a9bf4c0>>)
[0.574s] Level 1:colcon.colcon_core.package_discovery:discover_packages(colcon_meta) check parameters
[0.574s] Level 1:colcon.colcon_core.package_discovery:discover_packages(recursive) check parameters
[0.574s] Level 1:colcon.colcon_core.package_discovery:discover_packages(ignore) check parameters
[0.574s] Level 1:colcon.colcon_core.package_discovery:discover_packages(path) check parameters
[0.574s] Level 1:colcon.colcon_core.package_discovery:discover_packages(colcon_meta) discover
[0.574s] Level 1:colcon.colcon_core.package_discovery:discover_packages(recursive) discover
[0.574s] INFO:colcon.colcon_core.package_discovery:Crawling recursively for packages in '/workspaces/workspace'
[0.574s] Level 1:colcon.colcon_core.package_identification:_identify(.) by extensions ['ignore', 'ignore_ament_install']
[0.574s] Level 1:colcon.colcon_core.package_identification:_identify(.) by extension 'ignore'
[0.574s] Level 1:colcon.colcon_core.package_identification:_identify(.) by extension 'ignore_ament_install'
[0.574s] Level 1:colcon.colcon_core.package_identification:_identify(.) by extensions ['colcon_pkg']
[0.574s] Level 1:colcon.colcon_core.package_identification:_identify(.) by extension 'colcon_pkg'
[0.574s] Level 1:colcon.colcon_core.package_identification:_identify(.) by extensions ['colcon_meta']
[0.574s] Level 1:colcon.colcon_core.package_identification:_identify(.) by extension 'colcon_meta'
[0.574s] Level 1:colcon.colcon_core.package_identification:_identify(.) by extensions ['ros']
[0.574s] Level 1:colcon.colcon_core.package_identification:_identify(.) by extension 'ros'
[0.581s] Level 1:colcon.colcon_core.package_identification:_identify(.) by extensions ['cmake', 'python']
[0.581s] Level 1:colcon.colcon_core.package_identification:_identify(.) by extension 'cmake'
[0.581s] Level 1:colcon.colcon_core.package_identification:_identify(.) by extension 'python'
[0.581s] Level 1:colcon.colcon_core.package_identification:_identify(.) by extensions ['python_setup_py']
[0.581s] Level 1:colcon.colcon_core.package_identification:_identify(.) by extension 'python_setup_py'
[0.581s] Level 1:colcon.colcon_core.package_identification:_identify(build) by extensions ['ignore', 'ignore_ament_install']
[0.581s] Level 1:colcon.colcon_core.package_identification:_identify(build) by extension 'ignore'
[0.581s] Level 1:colcon.colcon_core.package_identification:_identify(build) ignored
[0.581s] Level 1:colcon.colcon_core.package_identification:_identify(install) by extensions ['ignore', 'ignore_ament_install']
[0.581s] Level 1:colcon.colcon_core.package_identification:_identify(install) by extension 'ignore'
[0.581s] Level 1:colcon.colcon_core.package_identification:_identify(install) ignored
[0.581s] Level 1:colcon.colcon_core.package_identification:_identify(log) by extensions ['ignore', 'ignore_ament_install']
[0.581s] Level 1:colcon.colcon_core.package_identification:_identify(log) by extension 'ignore'
[0.581s] Level 1:colcon.colcon_core.package_identification:_identify(log) ignored
[0.581s] Level 1:colcon.colcon_core.package_identification:_identify(src) by extensions ['ignore', 'ignore_ament_install']
[0.581s] Level 1:colcon.colcon_core.package_identification:_identify(src) by extension 'ignore'
[0.581s] Level 1:colcon.colcon_core.package_identification:_identify(src) by extension 'ignore_ament_install'
[0.581s] Level 1:colcon.colcon_core.package_identification:_identify(src) by extensions ['colcon_pkg']
[0.581s] Level 1:colcon.colcon_core.package_identification:_identify(src) by extension 'colcon_pkg'
[0.582s] Level 1:colcon.colcon_core.package_identification:_identify(src) by extensions ['colcon_meta']
[0.582s] Level 1:colcon.colcon_core.package_identification:_identify(src) by extension 'colcon_meta'
[0.582s] Level 1:colcon.colcon_core.package_identification:_identify(src) by extensions ['ros']
[0.582s] Level 1:colcon.colcon_core.package_identification:_identify(src) by extension 'ros'
[0.582s] Level 1:colcon.colcon_core.package_identification:_identify(src) by extensions ['cmake', 'python']
[0.582s] Level 1:colcon.colcon_core.package_identification:_identify(src) by extension 'cmake'
[0.582s] Level 1:colcon.colcon_core.package_identification:_identify(src) by extension 'python'
[0.582s] Level 1:colcon.colcon_core.package_identification:_identify(src) by extensions ['python_setup_py']
[0.582s] Level 1:colcon.colcon_core.package_identification:_identify(src) by extension 'python_setup_py'
[0.582s] Level 1:colcon.colcon_core.package_identification:_identify(src/gazebo_test_package) by extensions ['ignore', 'ignore_ament_install']
[0.582s] Level 1:colcon.colcon_core.package_identification:_identify(src/gazebo_test_package) by extension 'ignore'
[0.582s] Level 1:colcon.colcon_core.package_identification:_identify(src/gazebo_test_package) by extension 'ignore_ament_install'
[0.582s] Level 1:colcon.colcon_core.package_identification:_identify(src/gazebo_test_package) by extensions ['colcon_pkg']
[0.582s] Level 1:colcon.colcon_core.package_identification:_identify(src/gazebo_test_package) by extension 'colcon_pkg'
[0.582s] Level 1:colcon.colcon_core.package_identification:_identify(src/gazebo_test_package) by extensions ['colcon_meta']
[0.582s] Level 1:colcon.colcon_core.package_identification:_identify(src/gazebo_test_package) by extension 'colcon_meta'
[0.582s] Level 1:colcon.colcon_core.package_identification:_identify(src/gazebo_test_package) by extensions ['ros']
[0.582s] Level 1:colcon.colcon_core.package_identification:_identify(src/gazebo_test_package) by extension 'ros'
[0.583s] DEBUG:colcon.colcon_core.package_identification:Package 'src/gazebo_test_package' with type 'ros.ament_python' and name 'gazebo_test_package'
[0.584s] Level 1:colcon.colcon_core.package_identification:_identify(src/virtual_maize_field) by extensions ['ignore', 'ignore_ament_install']
[0.584s] Level 1:colcon.colcon_core.package_identification:_identify(src/virtual_maize_field) by extension 'ignore'
[0.584s] Level 1:colcon.colcon_core.package_identification:_identify(src/virtual_maize_field) by extension 'ignore_ament_install'
[0.584s] Level 1:colcon.colcon_core.package_identification:_identify(src/virtual_maize_field) by extensions ['colcon_pkg']
[0.584s] Level 1:colcon.colcon_core.package_identification:_identify(src/virtual_maize_field) by extension 'colcon_pkg'
[0.584s] Level 1:colcon.colcon_core.package_identification:_identify(src/virtual_maize_field) by extensions ['colcon_meta']
[0.584s] Level 1:colcon.colcon_core.package_identification:_identify(src/virtual_maize_field) by extension 'colcon_meta'
[0.584s] Level 1:colcon.colcon_core.package_identification:_identify(src/virtual_maize_field) by extensions ['ros']
[0.584s] Level 1:colcon.colcon_core.package_identification:_identify(src/virtual_maize_field) by extension 'ros'
[0.584s] DEBUG:colcon.colcon_core.package_identification:Package 'src/virtual_maize_field' with type 'ros.ament_python' and name 'virtual_maize_field'
[0.584s] Level 1:colcon.colcon_core.package_discovery:discover_packages(recursive) using defaults
[0.585s] Level 1:colcon.colcon_core.package_discovery:discover_packages(ignore) discover
[0.585s] Level 1:colcon.colcon_core.package_discovery:discover_packages(ignore) using defaults
[0.585s] Level 1:colcon.colcon_core.package_discovery:discover_packages(path) discover
[0.585s] Level 1:colcon.colcon_core.package_discovery:discover_packages(path) using defaults
[0.628s] Level 5:colcon.colcon_core.verb:set package 'gazebo_test_package' build argument 'cmake_args' from command line to 'None'
[0.628s] Level 5:colcon.colcon_core.verb:set package 'gazebo_test_package' build argument 'cmake_target' from command line to 'None'
[0.628s] Level 5:colcon.colcon_core.verb:set package 'gazebo_test_package' build argument 'cmake_target_skip_unavailable' from command line to 'False'
[0.628s] Level 5:colcon.colcon_core.verb:set package 'gazebo_test_package' build argument 'cmake_clean_cache' from command line to 'False'
[0.628s] Level 5:colcon.colcon_core.verb:set package 'gazebo_test_package' build argument 'cmake_clean_first' from command line to 'False'
[0.628s] Level 5:colcon.colcon_core.verb:set package 'gazebo_test_package' build argument 'cmake_force_configure' from command line to 'False'
[0.628s] Level 5:colcon.colcon_core.verb:set package 'gazebo_test_package' build argument 'ament_cmake_args' from command line to 'None'
[0.628s] Level 5:colcon.colcon_core.verb:set package 'gazebo_test_package' build argument 'catkin_cmake_args' from command line to 'None'
[0.628s] Level 5:colcon.colcon_core.verb:set package 'gazebo_test_package' build argument 'catkin_skip_building_tests' from command line to 'False'
[0.628s] DEBUG:colcon.colcon_core.verb:Building package 'gazebo_test_package' with the following arguments: {'ament_cmake_args': None, 'build_base': '/workspaces/workspace/build/gazebo_test_package', 'catkin_cmake_args': None, 'catkin_skip_building_tests': False, 'cmake_args': None, 'cmake_clean_cache': False, 'cmake_clean_first': False, 'cmake_force_configure': False, 'cmake_target': None, 'cmake_target_skip_unavailable': False, 'install_base': '/workspaces/workspace/install/gazebo_test_package', 'merge_install': False, 'path': '/workspaces/workspace/src/gazebo_test_package', 'symlink_install': False, 'test_result_base': None}
[0.636s] Level 5:colcon.colcon_core.verb:set package 'virtual_maize_field' build argument 'cmake_args' from command line to 'None'
[0.636s] Level 5:colcon.colcon_core.verb:set package 'virtual_maize_field' build argument 'cmake_target' from command line to 'None'
[0.636s] Level 5:colcon.colcon_core.verb:set package 'virtual_maize_field' build argument 'cmake_target_skip_unavailable' from command line to 'False'
[0.636s] Level 5:colcon.colcon_core.verb:set package 'virtual_maize_field' build argument 'cmake_clean_cache' from command line to 'False'
[0.636s] Level 5:colcon.colcon_core.verb:set package 'virtual_maize_field' build argument 'cmake_clean_first' from command line to 'False'
[0.636s] Level 5:colcon.colcon_core.verb:set package 'virtual_maize_field' build argument 'cmake_force_configure' from command line to 'False'
[0.636s] Level 5:colcon.colcon_core.verb:set package 'virtual_maize_field' build argument 'ament_cmake_args' from command line to 'None'
[0.636s] Level 5:colcon.colcon_core.verb:set package 'virtual_maize_field' build argument 'catkin_cmake_args' from command line to 'None'
[0.636s] Level 5:colcon.colcon_core.verb:set package 'virtual_maize_field' build argument 'catkin_skip_building_tests' from command line to 'False'
[0.636s] DEBUG:colcon.colcon_core.verb:Building package 'virtual_maize_field' with the following arguments: {'ament_cmake_args': None, 'build_base': '/workspaces/workspace/build/virtual_maize_field', 'catkin_cmake_args': None, 'catkin_skip_building_tests': False, 'cmake_args': None, 'cmake_clean_cache': False, 'cmake_clean_first': False, 'cmake_force_configure': False, 'cmake_target': None, 'cmake_target_skip_unavailable': False, 'install_base': '/workspaces/workspace/install/virtual_maize_field', 'merge_install': False, 'path': '/workspaces/workspace/src/virtual_maize_field', 'symlink_install': False, 'test_result_base': None}
[0.644s] INFO:colcon.colcon_core.executor:Executing jobs using 'parallel' executor
[0.652s] DEBUG:colcon.colcon_parallel_executor.executor.parallel:run_until_complete
[0.653s] INFO:colcon.colcon_ros.task.ament_python.build:Building ROS package in '/workspaces/workspace/src/gazebo_test_package' with build type 'ament_python'
[0.653s] Level 1:colcon.colcon_core.shell:create_environment_hook('gazebo_test_package', 'ament_prefix_path')
[0.663s] INFO:colcon.colcon_core.plugin_system:Skipping extension 'colcon_core.shell.bat': Not used on non-Windows systems
[0.663s] INFO:colcon.colcon_core.shell:Creating environment hook '/workspaces/workspace/install/gazebo_test_package/share/gazebo_test_package/hook/ament_prefix_path.ps1'
[0.663s] INFO:colcon.colcon_core.shell:Creating environment descriptor '/workspaces/workspace/install/gazebo_test_package/share/gazebo_test_package/hook/ament_prefix_path.dsv'
[0.663s] INFO:colcon.colcon_core.shell:Creating environment hook '/workspaces/workspace/install/gazebo_test_package/share/gazebo_test_package/hook/ament_prefix_path.sh'
[0.672s] INFO:colcon.colcon_core.shell:Skip shell extension 'powershell' for command environment: Not usable outside of PowerShell
[0.672s] DEBUG:colcon.colcon_core.shell:Skip shell extension 'dsv' for command environment
[0.690s] INFO:colcon.colcon_ros.task.ament_python.build:Building ROS package in '/workspaces/workspace/src/virtual_maize_field' with build type 'ament_python'
[0.691s] Level 1:colcon.colcon_core.shell:create_environment_hook('virtual_maize_field', 'ament_prefix_path')
[0.699s] INFO:colcon.colcon_core.shell:Creating environment hook '/workspaces/workspace/install/virtual_maize_field/share/virtual_maize_field/hook/ament_prefix_path.ps1'
[0.699s] INFO:colcon.colcon_core.shell:Creating environment descriptor '/workspaces/workspace/install/virtual_maize_field/share/virtual_maize_field/hook/ament_prefix_path.dsv'
[0.699s] INFO:colcon.colcon_core.shell:Creating environment hook '/workspaces/workspace/install/virtual_maize_field/share/virtual_maize_field/hook/ament_prefix_path.sh'
[0.707s] INFO:colcon.colcon_core.shell:Skip shell extension 'powershell' for command environment: Not usable outside of PowerShell
[0.707s] DEBUG:colcon.colcon_core.shell:Skip shell extension 'dsv' for command environment
[0.882s] INFO:colcon.colcon_core.task.python.build:Building Python package in '/workspaces/workspace/src/gazebo_test_package'
[0.890s] INFO:colcon.colcon_core.shell:Skip shell extension 'powershell' for command environment: Not usable outside of PowerShell
[0.890s] DEBUG:colcon.colcon_core.shell:Skip shell extension 'dsv' for command environment
[1.067s] INFO:colcon.colcon_core.task.python.build:Building Python package in '/workspaces/workspace/src/virtual_maize_field'
[1.081s] INFO:colcon.colcon_core.shell:Skip shell extension 'powershell' for command environment: Not usable outside of PowerShell
[1.081s] DEBUG:colcon.colcon_core.shell:Skip shell extension 'dsv' for command environment
[1.352s] DEBUG:colcon.colcon_core.event_handler.log_command:Invoking command in '/workspaces/workspace/src/virtual_maize_field': PYTHONPATH=/workspaces/workspace/build/virtual_maize_field/prefix_override:/workspaces/workspace/install/virtual_maize_field/lib/python3.10/site-packages:${PYTHONPATH} /usr/bin/python3 setup.py egg_info --egg-base ../../build/virtual_maize_field build --build-base /workspaces/workspace/build/virtual_maize_field/build install --record /workspaces/workspace/build/virtual_maize_field/install.log --single-version-externally-managed
[1.354s] DEBUG:colcon.colcon_core.event_handler.log_command:Invoking command in '/workspaces/workspace/src/gazebo_test_package': PYTHONPATH=/workspaces/workspace/build/gazebo_test_package/prefix_override:/workspaces/workspace/install/gazebo_test_package/lib/python3.10/site-packages:${PYTHONPATH} /usr/bin/python3 setup.py egg_info --egg-base ../../build/gazebo_test_package build --build-base /workspaces/workspace/build/gazebo_test_package/build install --record /workspaces/workspace/build/gazebo_test_package/install.log --single-version-externally-managed
[1.530s] DEBUG:colcon.colcon_core.event_handler.log_command:Invoked command in '/workspaces/workspace/src/gazebo_test_package' returned '0': PYTHONPATH=/workspaces/workspace/build/gazebo_test_package/prefix_override:/workspaces/workspace/install/gazebo_test_package/lib/python3.10/site-packages:${PYTHONPATH} /usr/bin/python3 setup.py egg_info --egg-base ../../build/gazebo_test_package build --build-base /workspaces/workspace/build/gazebo_test_package/build install --record /workspaces/workspace/build/gazebo_test_package/install.log --single-version-externally-managed
[1.550s] Level 1:colcon.colcon_core.environment:checking '/workspaces/workspace/install/gazebo_test_package' for CMake module files
[1.550s] Level 1:colcon.colcon_core.environment:checking '/workspaces/workspace/install/gazebo_test_package' for CMake config files
[1.550s] Level 1:colcon.colcon_core.environment:checking '/workspaces/workspace/install/gazebo_test_package/lib'
[1.550s] Level 1:colcon.colcon_core.environment:checking '/workspaces/workspace/install/gazebo_test_package/bin'
[1.550s] Level 1:colcon.colcon_core.environment:checking '/workspaces/workspace/install/gazebo_test_package/lib/pkgconfig/gazebo_test_package.pc'
[1.551s] Level 1:colcon.colcon_core.environment:checking '/workspaces/workspace/install/gazebo_test_package/lib/python3.10/site-packages'
[1.551s] Level 1:colcon.colcon_core.shell:create_environment_hook('gazebo_test_package', 'pythonpath')
[1.563s] INFO:colcon.colcon_core.shell:Creating environment hook '/workspaces/workspace/install/gazebo_test_package/share/gazebo_test_package/hook/pythonpath.ps1'
[1.563s] INFO:colcon.colcon_core.shell:Creating environment descriptor '/workspaces/workspace/install/gazebo_test_package/share/gazebo_test_package/hook/pythonpath.dsv'
[1.563s] INFO:colcon.colcon_core.shell:Creating environment hook '/workspaces/workspace/install/gazebo_test_package/share/gazebo_test_package/hook/pythonpath.sh'
[1.563s] Level 1:colcon.colcon_core.environment:checking '/workspaces/workspace/install/gazebo_test_package/bin'
[1.563s] Level 1:colcon.colcon_core.environment:create_environment_scripts_only(gazebo_test_package)
[1.572s] INFO:colcon.colcon_core.shell:Creating package script '/workspaces/workspace/install/gazebo_test_package/share/gazebo_test_package/package.ps1'
[1.572s] INFO:colcon.colcon_core.shell:Creating package descriptor '/workspaces/workspace/install/gazebo_test_package/share/gazebo_test_package/package.dsv'
[1.573s] INFO:colcon.colcon_core.shell:Creating package script '/workspaces/workspace/install/gazebo_test_package/share/gazebo_test_package/package.sh'
[1.573s] INFO:colcon.colcon_core.shell:Creating package script '/workspaces/workspace/install/gazebo_test_package/share/gazebo_test_package/package.bash'
[1.574s] INFO:colcon.colcon_core.shell:Creating package script '/workspaces/workspace/install/gazebo_test_package/share/gazebo_test_package/package.zsh'
[1.574s] Level 1:colcon.colcon_core.environment:create_file_with_runtime_dependencies(/workspaces/workspace/install/gazebo_test_package/share/colcon-core/packages/gazebo_test_package)
[1.587s] DEBUG:colcon.colcon_core.event_handler.log_command:Invoked command in '/workspaces/workspace/src/virtual_maize_field' returned '0': PYTHONPATH=/workspaces/workspace/build/virtual_maize_field/prefix_override:/workspaces/workspace/install/virtual_maize_field/lib/python3.10/site-packages:${PYTHONPATH} /usr/bin/python3 setup.py egg_info --egg-base ../../build/virtual_maize_field build --build-base /workspaces/workspace/build/virtual_maize_field/build install --record /workspaces/workspace/build/virtual_maize_field/install.log --single-version-externally-managed
[1.595s] Level 1:colcon.colcon_core.environment:checking '/workspaces/workspace/install/virtual_maize_field' for CMake module files
[1.595s] Level 1:colcon.colcon_core.environment:checking '/workspaces/workspace/install/virtual_maize_field' for CMake config files
[1.596s] Level 1:colcon.colcon_core.environment:checking '/workspaces/workspace/install/virtual_maize_field/lib'
[1.596s] Level 1:colcon.colcon_core.environment:checking '/workspaces/workspace/install/virtual_maize_field/bin'
[1.596s] Level 1:colcon.colcon_core.environment:checking '/workspaces/workspace/install/virtual_maize_field/lib/pkgconfig/virtual_maize_field.pc'
[1.596s] Level 1:colcon.colcon_core.environment:checking '/workspaces/workspace/install/virtual_maize_field/lib/python3.10/site-packages'
[1.596s] Level 1:colcon.colcon_core.shell:create_environment_hook('virtual_maize_field', 'pythonpath')
[1.605s] INFO:colcon.colcon_core.shell:Creating environment hook '/workspaces/workspace/install/virtual_maize_field/share/virtual_maize_field/hook/pythonpath.ps1'
[1.605s] INFO:colcon.colcon_core.shell:Creating environment descriptor '/workspaces/workspace/install/virtual_maize_field/share/virtual_maize_field/hook/pythonpath.dsv'
[1.605s] INFO:colcon.colcon_core.shell:Creating environment hook '/workspaces/workspace/install/virtual_maize_field/share/virtual_maize_field/hook/pythonpath.sh'
[1.605s] Level 1:colcon.colcon_core.environment:checking '/workspaces/workspace/install/virtual_maize_field/bin'
[1.605s] Level 1:colcon.colcon_core.environment:create_environment_scripts_only(virtual_maize_field)
[1.613s] INFO:colcon.colcon_core.shell:Creating package script '/workspaces/workspace/install/virtual_maize_field/share/virtual_maize_field/package.ps1'
[1.613s] INFO:colcon.colcon_core.shell:Creating package descriptor '/workspaces/workspace/install/virtual_maize_field/share/virtual_maize_field/package.dsv'
[1.614s] INFO:colcon.colcon_core.shell:Creating package script '/workspaces/workspace/install/virtual_maize_field/share/virtual_maize_field/package.sh'
[1.614s] INFO:colcon.colcon_core.shell:Creating package script '/workspaces/workspace/install/virtual_maize_field/share/virtual_maize_field/package.bash'
[1.614s] INFO:colcon.colcon_core.shell:Creating package script '/workspaces/workspace/install/virtual_maize_field/share/virtual_maize_field/package.zsh'
[1.614s] Level 1:colcon.colcon_core.environment:create_file_with_runtime_dependencies(/workspaces/workspace/install/virtual_maize_field/share/colcon-core/packages/virtual_maize_field)
[1.614s] DEBUG:colcon.colcon_parallel_executor.executor.parallel:closing loop
[1.615s] DEBUG:colcon.colcon_parallel_executor.executor.parallel:loop closed
[1.615s] DEBUG:colcon.colcon_parallel_executor.executor.parallel:run_until_complete finished with '0'
[1.615s] DEBUG:colcon.colcon_core.event_reactor:joining thread
[1.633s] INFO:colcon.colcon_core.plugin_system:Skipping extension 'colcon_notification.desktop_notification.notify_send': Could not find 'notify-send'
[1.633s] INFO:colcon.colcon_core.plugin_system:Skipping extension 'colcon_notification.desktop_notification.terminal_notifier': Not used on non-Darwin systems
[1.633s] INFO:colcon.colcon_core.plugin_system:Skipping extension 'colcon_notification.desktop_notification.win32': Not used on non-Windows systems
[1.633s] INFO:colcon.colcon_notification.desktop_notification:Sending desktop notification using 'notify2'
[1.635s] DEBUG:colcon.colcon_notification.desktop_notification.notify2:Failed to initialize notify2: org.freedesktop.DBus.Error.Spawn.ExecFailed: /usr/bin/dbus-launch terminated abnormally without any error message
[1.635s] DEBUG:colcon.colcon_core.event_reactor:joined thread
[1.644s] INFO:colcon.colcon_core.shell:Creating prefix script '/workspaces/workspace/install/local_setup.ps1'
[1.645s] INFO:colcon.colcon_core.shell:Creating prefix util module '/workspaces/workspace/install/_local_setup_util_ps1.py'
[1.645s] INFO:colcon.colcon_core.shell:Creating prefix chain script '/workspaces/workspace/install/setup.ps1'
[1.654s] INFO:colcon.colcon_core.shell:Creating prefix script '/workspaces/workspace/install/local_setup.sh'
[1.654s] INFO:colcon.colcon_core.shell:Creating prefix util module '/workspaces/workspace/install/_local_setup_util_sh.py'
[1.654s] INFO:colcon.colcon_core.shell:Creating prefix chain script '/workspaces/workspace/install/setup.sh'
[1.663s] INFO:colcon.colcon_core.shell:Creating prefix script '/workspaces/workspace/install/local_setup.bash'
[1.663s] INFO:colcon.colcon_core.shell:Creating prefix chain script '/workspaces/workspace/install/setup.bash'
[1.671s] INFO:colcon.colcon_core.shell:Creating prefix script '/workspaces/workspace/install/local_setup.zsh'
[1.672s] INFO:colcon.colcon_core.shell:Creating prefix chain script '/workspaces/workspace/install/setup.zsh'
